2025-03-30T16:42:48+05:30, organize, C:\Users\madhu\Downloads\10th Marksheet_merged.pdf, C:\Users\madhu\Documents\10th Marksheet_merged.pdf
2025-03-30T16:43:25+05:30, organize, C:\Users\madhu\Downloads\450010183002255_madhu shree aravindan_AssessmentCenterReport_163.pdf, C:\Users\madhu\Documents\Misc\450010183002255_madhu shree aravindan_AssessmentCenterReport_163.pdf
2025-03-30T16:43:28+05:30, organize, C:\Users\madhu\Downloads\450010184004293_madhu shree aravindan_AssessmentCenterReport_163.pdf, C:\Users\madhu\Documents\Math\450010184004293_madhu shree aravindan_AssessmentCenterReport_163.pdf
2025-04-15T14:23:53+05:30, move, C:\Users\madhu\Downloads\Architecture Document.docx.pdf, C:\Users\madhu\Documents\Architecture Document.docx.pdf
2025-04-15T14:24:27+05:30, organize, C:\Users\madhu\Downloads\352.pdf, C:\Users\madhu\Documents\352.pdf
2025-04-15T14:24:29+05:30, organize, C:\Users\madhu\Downloads\352.ppt (1).pptx, C:\Users\madhu\Documents\352.ppt (1).pptx
2025-04-15T14:24:36+05:30, organize, C:\Users\madhu\Downloads\352.ppt.pptx, C:\Users\madhu\Documents\352.ppt.pptx
2025-04-15T14:24:37+05:30, organize, C:\Users\madhu\Downloads\AWSCLIV2.msi, C:\Users\madhu\Documents\AWSCLIV2.msi
2025-04-23T08:19:04+05:30, move, C:\Users\madhu\Downloads\Accommodation Reference.xlsx, C:\Users\madhu\Documents\Accommodation Reference.xlsx
2025-04-23T08:21:58+05:30, organize, C:\Users\madhu\Downloads\CSIS 2025 Proposal.pdf, C:\Users\madhu\Documents\Math\CSIS 2025 Proposal.pdf
2025-04-23T08:47:39+05:30, move, C:\Users\madhu\Downloads\patent format.docx, C:\Users\madhu\Documents\patent format.docx
2025-04-23T08:51:45+05:30, move, C:\Users\madhu\Downloads\Complete_with_DocuSign_Madhu_Shree_Aravindan.pdf, C:\Users\madhu\Documents\Complete_with_DocuSign_Madhu_Shree_Aravindan.pdf
2025-04-23T08:52:41+05:30, move, C:\Users\madhu\Downloads\REM.png, C:\Users\madhu\Documents\REM.png
2025-04-23T09:10:20+05:30, organize, C:\Users\madhu\Downloads\Comparative Analysis of Web Scraping Methodologies Using Generative AI.pptx, C:\Users\madhu\Documents\Comparative Analysis of Web Scraping Methodologies Using Generative AI.pptx
2025-04-23T09:10:22+05:30, organize, C:\Users\madhu\Downloads\Hybrid_QCNN_for_Situational_Awareness (1) (1).pdf, C:\Users\madhu\Documents\Math\Hybrid_QCNN_for_Situational_Awareness (1) (1).pdf
2025-04-23T09:12:23+05:30, organize, C:\Users\madhu\Downloads\Hybrid_QCNN_for_Situational_Awareness (1).docx, C:\Users\madhu\Documents\Hybrid_QCNN_for_Situational_Awareness (1).docx
2025-04-23T09:12:26+05:30, organize, C:\Users\madhu\Downloads\Hybrid_QCNN_for_Situational_Awareness (1).pdf, C:\Users\madhu\Documents\Math\Hybrid_QCNN_for_Situational_Awareness (1).pdf
2025-04-23T09:12:29+05:30, organize, C:\Users\madhu\Downloads\Hybrid_QCNN_for_Situational_Awareness.pdf, C:\Users\madhu\Documents\ML\Hybrid_QCNN_for_Situational_Awareness.pdf
2025-04-23T10:21:24+05:30, move, C:\Users\madhu\Downloads\Innovative Experiments PBL.xlsx, C:\Users\madhu\Documents\Innovative Experiments PBL.xlsx
2025-04-23T10:25:32+05:30, move, C:\Users\madhu\Downloads\Software Testing.pptx, C:\Users\madhu\Documents\Software Testing.pptx
2025-04-24T09:24:08+05:30, move, C:\Users\madhu\Documents\patent format.docx, C:\Users\madhu\Downloads\patent format.docx
2025-04-30T14:13:54+05:30, organize, C:\Users\madhu\Downloads\B.Tech Research Project - Copy.docx, C:\Users\madhu\Documents\B.Tech Research Project - Copy.docx
2025-04-30T14:13:58+05:30, organize, C:\Users\madhu\Downloads\B.Tech Research Project.docx, C:\Users\madhu\Documents\B.Tech Research Project.docx
2025-04-30T14:14:20+05:30, organize, C:\Users\madhu\Downloads\B.Tech Research Project.pdf, C:\Users\madhu\Documents\ML\B.Tech Research Project.pdf
2025-04-30T14:14:31+05:30, organize, C:\Users\madhu\Downloads\Final Testimonial.mp4, C:\Users\madhu\Documents\Final Testimonial.mp4
2025-04-30T14:14:37+05:30, organize, C:\Users\madhu\Downloads\Madhu Shree (RA2211003011773).jpeg, C:\Users\madhu\Documents\Madhu Shree (RA2211003011773).jpeg
2025-04-30T14:14:39+05:30, organize, C:\Users\madhu\Downloads\Madhu Shree Aravindan (1).pdf, C:\Users\madhu\Documents\Misc\Madhu Shree Aravindan (1).pdf
2025-04-30T14:14:42+05:30, organize, C:\Users\madhu\Downloads\Madhu Shree Aravindan.pdf, C:\Users\madhu\Documents\Work\Madhu Shree Aravindan.pdf
2025-04-30T14:14:46+05:30, organize, C:\Users\madhu\Downloads\Minor Project Report-1-47.pdf, C:\Users\madhu\Documents\Misc\Minor Project Report-1-47.pdf
2025-04-30T14:14:50+05:30, organize, C:\Users\madhu\Downloads\Minor Project Report-1-48.pdf, C:\Users\madhu\Documents\Math\Minor Project Report-1-48.pdf
